Arguments: 
  /usr/local/bin/node /Users/janbieniek/.node/corepack/yarn/1.22.15/bin/yarn.js init

PATH: 
  /Users/janbieniek/.cargo/bin:/Users/janbieniek/.rvm/gems/ruby-3.0.0/bin:/Users/janbieniek/.rvm/gems/ruby-3.0.0@global/bin:/Users/janbieniek/.rvm/rubies/ruby-3.0.0/bin:/Users/janbieniek/anaconda3/bin:/Users/janbieniek/anaconda3/condabin:/anaconda3/bin:/usr/local/bin:/usr/bin:/bin:/usr/sbin:/sbin:/opt/X11/bin:/Library/Apple/usr/bin:/Library/Frameworks/Mono.framework/Versions/Current/Commands:/Users/janbieniek/Developer/flutter/bin:/Users/janbieniek/.rvm/bin

Yarn version: 
  1.22.15

Node version: 
  16.16.0

Platform: 
  darwin x64

Trace: 
  Error: canceled
      at Interface.<anonymous> (/Users/janbieniek/.node/corepack/yarn/1.22.15/lib/cli.js:137145:13)
      at Interface.emit (node:events:527:28)
      at Interface._ttyWrite (node:readline:1081:16)
      at ReadStream.onkeypress (node:readline:288:10)
      at ReadStream.emit (node:events:527:28)
      at emitKeys (node:internal/readline/utils:358:14)
      at emitKeys.next (<anonymous>)
      at ReadStream.onData (node:internal/readline/emitKeypressEvents:61:36)
      at ReadStream.emit (node:events:527:28)
      at addChunk (node:internal/streams/readable:315:12)

npm manifest: 
  No manifest

yarn manifest: 
  No manifest

Lockfile: 
  No lockfile
